[INFO] 00:46:02:878 Log-consola/(15226:15226): Config: leyendo el archivo de configuracion...
[INFO] 00:46:02:878 Log-consola/(15226:15226): El archivo Config fue leido corectamente
[INFO] 00:46:02:878 Log-consola/(15226:15226): Pseudocodigo: leyendo el archivo de pseudocodigo...
[INFO] 00:46:02:878 Log-consola/(15226:15226): El archivo de pseudocodigo fue leido correctamente
[INFO] 00:46:02:878 Log-consola/(15226:15226): Conexion Kernel: intentando conectar con el Kernel...
[INFO] 00:46:02:879 Log-consola/(15226:15226): Se ha podido establecer una conexion con el Kernel
[INFO] 00:46:02:879 Log-consola/(15226:15226): Conexion Kernel: enviando las instrucciones al Kernel...
[INFO] 00:46:02:879 Log-consola/(15226:15226): Conexion Kernel: instrucciones enviadas correctamente, esperando finalizacion del proceso...
[INFO] 00:46:02:879 Log-consola/(15226:15226): Esperando mensaje de finalizacion del kernel
[INFO] 00:46:03:880 Log-consola/(15226:15226): El proceso ha finalizado
[INFO] 00:46:10:892 Log-consola/(15240:15240): Config: leyendo el archivo de configuracion...
[INFO] 00:46:10:894 Log-consola/(15240:15240): El archivo Config fue leido corectamente
[INFO] 00:46:10:894 Log-consola/(15240:15240): Pseudocodigo: leyendo el archivo de pseudocodigo...
[INFO] 00:46:10:894 Log-consola/(15240:15240): El archivo de pseudocodigo fue leido correctamente
[INFO] 00:46:10:894 Log-consola/(15240:15240): Conexion Kernel: intentando conectar con el Kernel...
[INFO] 00:46:10:894 Log-consola/(15240:15240): Se ha podido establecer una conexion con el Kernel
[INFO] 00:46:10:895 Log-consola/(15240:15240): Conexion Kernel: enviando las instrucciones al Kernel...
[INFO] 00:46:10:895 Log-consola/(15240:15240): Conexion Kernel: instrucciones enviadas correctamente, esperando finalizacion del proceso...
[INFO] 00:46:10:895 Log-consola/(15240:15240): Esperando mensaje de finalizacion del kernel
[INFO] 00:46:11:895 Log-consola/(15240:15240): El proceso ha finalizado
[INFO] 00:46:18:257 Log-consola/(15282:15282): Config: leyendo el archivo de configuracion...
[INFO] 00:46:18:258 Log-consola/(15282:15282): El archivo Config fue leido corectamente
[INFO] 00:46:18:259 Log-consola/(15282:15282): Pseudocodigo: leyendo el archivo de pseudocodigo...
[INFO] 00:46:18:259 Log-consola/(15282:15282): El archivo de pseudocodigo fue leido correctamente
[INFO] 00:46:18:259 Log-consola/(15282:15282): Conexion Kernel: intentando conectar con el Kernel...
[INFO] 00:46:18:259 Log-consola/(15282:15282): Se ha podido establecer una conexion con el Kernel
[INFO] 00:46:18:259 Log-consola/(15282:15282): Conexion Kernel: enviando las instrucciones al Kernel...
[INFO] 00:46:18:260 Log-consola/(15282:15282): Conexion Kernel: instrucciones enviadas correctamente, esperando finalizacion del proceso...
[INFO] 00:46:18:260 Log-consola/(15282:15282): Esperando mensaje de finalizacion del kernel
[INFO] 00:46:21:306 Log-consola/(15282:15282): El proceso ha finalizado
[INFO] 00:46:26:137 Log-consola/(15321:15321): Config: leyendo el archivo de configuracion...
[INFO] 00:46:26:137 Log-consola/(15321:15321): El archivo Config fue leido corectamente
[INFO] 00:46:26:137 Log-consola/(15321:15321): Pseudocodigo: leyendo el archivo de pseudocodigo...
[INFO] 00:46:26:137 Log-consola/(15321:15321): El archivo de pseudocodigo fue leido correctamente
[INFO] 00:46:26:137 Log-consola/(15321:15321): Conexion Kernel: intentando conectar con el Kernel...
[INFO] 00:46:26:138 Log-consola/(15321:15321): Se ha podido establecer una conexion con el Kernel
[INFO] 00:46:26:138 Log-consola/(15321:15321): Conexion Kernel: enviando las instrucciones al Kernel...
[INFO] 00:46:26:141 Log-consola/(15321:15321): Conexion Kernel: instrucciones enviadas correctamente, esperando finalizacion del proceso...
[INFO] 00:46:26:141 Log-consola/(15321:15321): Esperando mensaje de finalizacion del kernel
[INFO] 00:46:26:141 Log-consola/(15321:15321): El proceso ha finalizado
